#
# There is insufficient memory for the Java Runtime Environment to continue.
# Native memory allocation (mmap) failed to map 42991616 bytes for committing reserved memory.
# Possible reasons:
#   The system is out of physical RAM or swap space
#   In 32 bit mode, the process size limit was hit
# Possible solutions:
#   Reduce memory load on the system
#   Increase physical memory or swap space
#   Check if swap backing store is full
#   Use 64 bit Java on a 64 bit OS
#   Decrease Java heap size (-Xmx/-Xms)
#   Decrease number of Java threads
#   Decrease Java thread stack sizes (-Xss)
#   Set larger code cache with -XX:ReservedCodeCacheSize=
# This output file may be truncated or incomplete.
#
#  Out of Memory Error (os_linux.cpp:2630), pid=25597, tid=139790737057536
#
# JRE version: OpenJDK Runtime Environment (8.0_91-b14) (build 1.8.0_91-8u91-b14-3ubuntu1~16.04.1-b14)
# Java VM: OpenJDK 64-Bit Server VM (25.91-b14 mixed mode linux-amd64 compressed oops)
# Failed to write core dump. Core dumps have been disabled. To enable core dumping, try "ulimit -c unlimited" before starting Java again
#

---------------  T H R E A D  ---------------

Current thread (0x00007f23a407a800):  VMThread [stack: 0x00007f239129a000,0x00007f239139b000] [id=25615]

Stack: [0x00007f239129a000,0x00007f239139b000],  sp=0x00007f23913994c0,  free space=1021k
Native frames: (J=compiled Java code, j=interpreted, Vv=VM code, C=native code)
V  [libjvm.so+0xa5de1b]
V  [libjvm.so+0x4c178c]
V  [libjvm.so+0x8ae9d0]
V  [libjvm.so+0x8a8e4e]
V  [libjvm.so+0x922f46]
V  [libjvm.so+0x924273]
V  [libjvm.so+0x920923]
V  [libjvm.so+0x920bec]
V  [libjvm.so+0x8d3263]
V  [libjvm.so+0xa5fad2]
V  [libjvm.so+0xa64b57]
V  [libjvm.so+0xa62327]
V  [libjvm.so+0xa637af]
V  [libjvm.so+0xa63ca1]
V  [libjvm.so+0x8abeb2]

VM_Operation (0x00007f23ab8f1490): ParallelGCFailedAllocation, mode: safepoint, requested by thread 0x00007f23a4011000


---------------  P R O C E S S  ---------------

Java Threads: ( => current thread )
  0x00007f23a4e7c800 JavaThread "process reaper" daemon [_thread_blocked, id=25629, stack(0x00007f236bc21000,0x00007f236bc5a000)]
  0x00007f23a40ba800 JavaThread "Service Thread" daemon [_thread_blocked, id=25621, stack(0x00007f2390974000,0x00007f2390a75000)]
  0x00007f23a40b3000 JavaThread "C1 CompilerThread1" daemon [_thread_blocked, id=25620, stack(0x00007f2390a75000,0x00007f2390b76000)]
  0x00007f23a40b0000 JavaThread "C2 CompilerThread0" daemon [_thread_blocked, id=25619, stack(0x00007f2390b76000,0x00007f2390c77000)]
  0x00007f23a40ae000 JavaThread "Signal Dispatcher" daemon [_thread_blocked, id=25618, stack(0x00007f2390c77000,0x00007f2390d78000)]
  0x00007f23a4086800 JavaThread "Finalizer" daemon [_thread_blocked, id=25617, stack(0x00007f2391098000,0x00007f2391199000)]
  0x00007f23a4082000 JavaThread "Reference Handler" daemon [_thread_blocked, id=25616, stack(0x00007f2391199000,0x00007f239129a000)]
  0x00007f23a4011000 JavaThread "main" [_thread_blocked, id=25612, stack(0x00007f23ab7f4000,0x00007f23ab8f5000)]

Other Threads:
=>0x00007f23a407a800 VMThread [stack: 0x00007f239129a000,0x00007f239139b000] [id=25615]
  0x00007f23a40bc800 WatcherThread [stack: 0x00007f2390873000,0x00007f2390974000] [id=25622]

VM state:at safepoint (normal execution)

VM Mutex/Monitor currently owned by a thread:  ([mutex/lock_event])
[0x00007f23a400d5b0] Threads_lock - owner thread: 0x00007f23a407a800
[0x00007f23a400dab0] Heap_lock - owner thread: 0x00007f23a4011000

Heap:
 PSYoungGen      total 35840K, used 1004K [0x00000000eab00000, 0x00000000ecf00000, 0x0000000100000000)
  eden space 34816K, 0% used [0x00000000eab00000,0x00000000eab00000,0x00000000ecd00000)
  from space 1024K, 98% used [0x00000000ecd00000,0x00000000ecdfb2b8,0x00000000ece00000)
  to   space 1024K, 0% used [0x00000000ece00000,0x00000000ece00000,0x00000000ecf00000)
 ParOldGen       total 22016K, used 8279K [0x00000000c0000000, 0x00000000c1580000, 0x00000000eab00000)
  object space 22016K, 37% used [0x00000000c0000000,0x00000000c0815eb0,0x00000000c1580000)
 Metaspace       used 14349K, capacity 14580K, committed 14720K, reserved 1062912K
  class space    used 2014K, capacity 2085K, committed 2176K, reserved 1048576K

Card table byte_map: [0x00007f23a8068000,0x00007f23a8269000] byte_map_base: 0x00007f23a7a68000

Marking Bits: (ParMarkBitMap*) 0x00007f23aaaaffc0
 Begin Bits: [0x00007f23928e8000, 0x00007f23938e8000)
 End Bits:   [0x00007f23938e8000, 0x00007f23948e8000)

Polling page: 0x00007f23ab901000

CodeCache: size=245760Kb used=3561Kb max_used=3561Kb free=242198Kb
 bounds [0x00007f2395000000, 0x00007f2395380000, 0x00007f23a4000000]
 total_blobs=1265 nmethods=936 adapters=244
 compilation: enabled

Compilation events (10 events):
Event: 5.192 Thread 0x00007f23a40b3000  943       1       org.apache.hadoop.conf.Configuration$DeprecationDelta::getCustomMessage (5 bytes)
Event: 5.192 Thread 0x00007f23a40b3000 nmethod 943 0x00007f239537aa90 code [0x00007f239537abe0, 0x00007f239537acf0]
Event: 5.198 Thread 0x00007f23a40b3000  944       3       java.util.concurrent.locks.AbstractOwnableSynchronizer::setExclusiveOwnerThread (6 bytes)
Event: 5.199 Thread 0x00007f23a40b3000 nmethod 944 0x00007f239537ad50 code [0x00007f239537aea0, 0x00007f239537b010]
Event: 5.199 Thread 0x00007f23a40b3000  945       3       java.util.regex.Pattern::next (33 bytes)
Event: 5.199 Thread 0x00007f23a40b3000 nmethod 945 0x00007f239537b090 code [0x00007f239537b220, 0x00007f239537b4c8]
Event: 5.206 Thread 0x00007f23a40b3000  947       1       java.util.concurrent.ConcurrentHashMap$MapEntry::getKey (5 bytes)
Event: 5.206 Thread 0x00007f23a40b3000 nmethod 947 0x00007f239537b610 code [0x00007f239537b760, 0x00007f239537b870]
Event: 5.207 Thread 0x00007f23a40b3000  948       1       java.util.concurrent.ConcurrentHashMap$MapEntry::getValue (5 bytes)
Event: 5.207 Thread 0x00007f23a40b3000 nmethod 948 0x00007f239537b8d0 code [0x00007f239537ba20, 0x00007f239537bb30]

GC Heap History (9 events):
Event: 0.826 GC heap before
{Heap before GC invocations=1 (full 0):
 PSYoungGen      total 9728K, used 8704K [0x00000000eab00000, 0x00000000eb580000, 0x0000000100000000)
  eden space 8704K, 100% used [0x00000000eab00000,0x00000000eb380000,0x00000000eb380000)
  from space 1024K, 0% used [0x00000000eb480000,0x00000000eb480000,0x00000000eb580000)
  to   space 1024K, 0% used [0x00000000eb380000,0x00000000eb380000,0x00000000eb480000)
 ParOldGen       total 22016K, used 0K [0x00000000c0000000, 0x00000000c1580000, 0x00000000eab00000)
  object space 22016K, 0% used [0x00000000c0000000,0x00000000c0000000,0x00000000c1580000)
 Metaspace       used 3640K, capacity 5420K, committed 5504K, reserved 1056768K
  class space    used 489K, capacity 616K, committed 640K, reserved 1048576K
Event: 0.835 GC heap after
Heap after GC invocations=1 (full 0):
 PSYoungGen      total 9728K, used 1001K [0x00000000eab00000, 0x00000000ebe00000, 0x0000000100000000)
  eden space 8704K, 0% used [0x00000000eab00000,0x00000000eab00000,0x00000000eb380000)
  from space 1024K, 97% used [0x00000000eb380000,0x00000000eb47a528,0x00000000eb480000)
  to   space 1024K, 0% used [0x00000000ebd00000,0x00000000ebd00000,0x00000000ebe00000)
 ParOldGen       total 22016K, used 653K [0x00000000c0000000, 0x00000000c1580000, 0x00000000eab00000)
  object space 22016K, 2% used [0x00000000c0000000,0x00000000c00a3658,0x00000000c1580000)
 Metaspace       used 3640K, capacity 5420K, committed 5504K, reserved 1056768K
  class space    used 489K, capacity 616K, committed 640K, reserved 1048576K
}
Event: 1.161 GC heap before
{Heap before GC invocations=2 (full 0):
 PSYoungGen      total 9728K, used 9705K [0x00000000eab00000, 0x00000000ebe00000, 0x0000000100000000)
  eden space 8704K, 100% used [0x00000000eab00000,0x00000000eb380000,0x00000000eb380000)
  from space 1024K, 97% used [0x00000000eb380000,0x00000000eb47a528,0x00000000eb480000)
  to   space 1024K, 0% used [0x00000000ebd00000,0x00000000ebd00000,0x00000000ebe00000)
 ParOldGen       total 22016K, used 653K [0x00000000c0000000, 0x00000000c1580000, 0x00000000eab00000)
  object space 22016K, 2% used [0x00000000c0000000,0x00000000c00a3658,0x00000000c1580000)
 Metaspace       used 4853K, capacity 6476K, committed 6784K, reserved 1056768K
  class space    used 664K, capacity 776K, committed 896K, reserved 1048576K
Event: 1.168 GC heap after
Heap after GC invocations=2 (full 0):
 PSYoungGen      total 18432K, used 994K [0x00000000eab00000, 0x00000000ebe00000, 0x0000000100000000)
  eden space 17408K, 0% used [0x00000000eab00000,0x00000000eab00000,0x00000000ebc00000)
  from space 1024K, 97% used [0x00000000ebd00000,0x00000000ebdf8990,0x00000000ebe00000)
  to   space 1024K, 0% used [0x00000000ebc00000,0x00000000ebc00000,0x00000000ebd00000)
 ParOldGen       total 22016K, used 1441K [0x00000000c0000000, 0x00000000c1580000, 0x00000000eab00000)
  object space 22016K, 6% used [0x00000000c0000000,0x00000000c0168548,0x00000000c1580000)
 Metaspace       used 4853K, capacity 6476K, committed 6784K, reserved 1056768K
  class space    used 664K, capacity 776K, committed 896K, reserved 1048576K
}
Event: 2.030 GC heap before
{Heap before GC invocations=3 (full 0):
 PSYoungGen      total 18432K, used 18402K [0x00000000eab00000, 0x00000000ebe00000, 0x0000000100000000)
  eden space 17408K, 100% used [0x00000000eab00000,0x00000000ebc00000,0x00000000ebc00000)
  from space 1024K, 97% used [0x00000000ebd00000,0x00000000ebdf8990,0x00000000ebe00000)
  to   space 1024K, 0% used [0x00000000ebc00000,0x00000000ebc00000,0x00000000ebd00000)
 ParOldGen       total 22016K, used 1441K [0x00000000c0000000, 0x00000000c1580000, 0x00000000eab00000)
  object space 22016K, 6% used [0x00000000c0000000,0x00000000c0168548,0x00000000c1580000)
 Metaspace       used 7355K, capacity 8510K, committed 8576K, reserved 1056768K
  class space    used 1076K, capacity 1130K, committed 1152K, reserved 1048576K
Event: 2.063 GC heap after
Heap after GC invocations=3 (full 0):
 PSYoungGen      total 18432K, used 1020K [0x00000000eab00000, 0x00000000ecf00000, 0x0000000100000000)
  eden space 17408K, 0% used [0x00000000eab00000,0x00000000eab00000,0x00000000ebc00000)
  from space 1024K, 99% used [0x00000000ebc00000,0x00000000ebcff2a8,0x00000000ebd00000)
  to   space 1024K, 0% used [0x00000000ece00000,0x00000000ece00000,0x00000000ecf00000)
 ParOldGen       total 22016K, used 3474K [0x00000000c0000000, 0x00000000c1580000, 0x00000000eab00000)
  object space 22016K, 15% used [0x00000000c0000000,0x00000000c0364818,0x00000000c1580000)
 Metaspace       used 7355K, capacity 8510K, committed 8576K, reserved 1056768K
  class space    used 1076K, capacity 1130K, committed 1152K, reserved 1048576K
}
Event: 2.990 GC heap before
{Heap before GC invocations=4 (full 0):
 PSYoungGen      total 18432K, used 18428K [0x00000000eab00000, 0x00000000ecf00000, 0x0000000100000000)
  eden space 17408K, 100% used [0x00000000eab00000,0x00000000ebc00000,0x00000000ebc00000)
  from space 1024K, 99% used [0x00000000ebc00000,0x00000000ebcff2a8,0x00000000ebd00000)
  to   space 1024K, 0% used [0x00000000ece00000,0x00000000ece00000,0x00000000ecf00000)
 ParOldGen       total 22016K, used 3474K [0x00000000c0000000, 0x00000000c1580000, 0x00000000eab00000)
  object space 22016K, 15% used [0x00000000c0000000,0x00000000c0364818,0x00000000c1580000)
 Metaspace       used 10233K, capacity 10390K, committed 10496K, reserved 1058816K
  class space    used 1502K, capacity 1522K, committed 1536K, reserved 1048576K
Event: 3.015 GC heap after
Heap after GC invocations=4 (full 0):
 PSYoungGen      total 35840K, used 1020K [0x00000000eab00000, 0x00000000ecf00000, 0x0000000100000000)
  eden space 34816K, 0% used [0x00000000eab00000,0x00000000eab00000,0x00000000ecd00000)
  from space 1024K, 99% used [0x00000000ece00000,0x00000000eceff2a8,0x00000000ecf00000)
  to   space 1024K, 0% used [0x00000000ecd00000,0x00000000ecd00000,0x00000000ece00000)
 ParOldGen       total 22016K, used 5193K [0x00000000c0000000, 0x00000000c1580000, 0x00000000eab00000)
  object space 22016K, 23% used [0x00000000c0000000,0x00000000c0512678,0x00000000c1580000)
 Metaspace       used 10233K, capacity 10390K, committed 10496K, reserved 1058816K
  class space    used 1502K, capacity 1522K, committed 1536K, reserved 1048576K
}
Event: 5.208 GC heap before
{Heap before GC invocations=5 (full 0):
 PSYoungGen      total 35840K, used 35836K [0x00000000eab00000, 0x00000000ecf00000, 0x0000000100000000)
  eden space 34816K, 100% used [0x00000000eab00000,0x00000000ecd00000,0x00000000ecd00000)
  from space 1024K, 99% used [0x00000000ece00000,0x00000000eceff2a8,0x00000000ecf00000)
  to   space 1024K, 0% used [0x00000000ecd00000,0x00000000ecd00000,0x00000000ece00000)
 ParOldGen       total 22016K, used 5193K [0x00000000c0000000, 0x00000000c1580000, 0x00000000eab00000)
  object space 22016K, 23% used [0x00000000c0000000,0x00000000c0512678,0x00000000c1580000)
 Metaspace       used 14349K, capacity 14580K, committed 14720K, reserved 1062912K
  class space    used 2014K, capacity 2085K, committed 2176K, reserved 1048576K

Deoptimization events (10 events):
Event: 1.279 Thread 0x00007f23a4011000 Uncommon trap: reason=unloaded action=reinterpret pc=0x00007f239518f4ec method=sun.misc.URLClassPath.getLoader(I)Lsun/misc/URLClassPath$Loader; @ 113
Event: 1.285 Thread 0x00007f23a4011000 Uncommon trap: reason=unstable_if action=reinterpret pc=0x00007f239516c69c method=java.lang.String.indexOf([CII[CIII)I @ 134
Event: 1.430 Thread 0x00007f23a4011000 Uncommon trap: reason=unstable_if action=reinterpret pc=0x00007f239510ba7c method=java.lang.String.indexOf(II)I @ 49
Event: 1.681 Thread 0x00007f23a4011000 Uncommon trap: reason=unstable_if action=reinterpret pc=0x00007f239520d208 method=sun.misc.URLClassPath$JarLoader.getResource(Ljava/lang/String;Z)Lsun/misc/Resource; @ 62
Event: 1.980 Thread 0x00007f23a4011000 Uncommon trap: reason=unstable_if action=reinterpret pc=0x00007f23951bfb44 method=java.lang.AbstractStringBuilder.append(Ljava/lang/String;)Ljava/lang/AbstractStringBuilder; @ 1
Event: 2.388 Thread 0x00007f23a4011000 Uncommon trap: reason=unstable_if action=reinterpret pc=0x00007f239520f6d4 method=java.lang.String.indexOf([CII[CIII)I @ 3
Event: 2.427 Thread 0x00007f23a4011000 Uncommon trap: reason=unstable_if action=reinterpret pc=0x00007f2395237268 method=sun.misc.URLClassPath$JarLoader.getResource(Ljava/lang/String;Z)Lsun/misc/Resource; @ 62
Event: 3.119 Thread 0x00007f23a4011000 Uncommon trap: reason=unstable_if action=reinterpret pc=0x00007f2395277e48 method=java.util.HashMap.getNode(ILjava/lang/Object;)Ljava/util/HashMap$Node; @ 62
Event: 3.120 Thread 0x00007f23a4011000 Uncommon trap: reason=unstable_if action=reinterpret pc=0x00007f2395262ea4 method=java.util.HashMap.getNode(ILjava/lang/Object;)Ljava/util/HashMap$Node; @ 62
Event: 4.140 Thread 0x00007f23a4011000 Uncommon trap: reason=unstable_if action=reinterpret pc=0x00007f23952c998c method=org.apache.xerces.impl.XMLEntityScanner.scanContent(Lorg/apache/xerces/xni/XMLString;)I @ 461

Internal exceptions (10 events):
Event: 2.687 Thread 0x00007f23a4011000 Exception <a 'java/lang/ClassNotFoundException': org/apache/log4j/WriterAppenderBeanInfo> (0x00000000eb3f1de8) thrown at [/build/openjdk-8-W1Ghxo/openjdk-8-8u91-b14/src/hotspot/src/share/vm/classfile/systemDictionary.cpp, line 210]
Event: 2.688 Thread 0x00007f23a4011000 Exception <a 'java/lang/ClassNotFoundException': org/apache/log4j/AppenderSkeletonBeanInfo> (0x00000000eb4199b8) thrown at [/build/openjdk-8-W1Ghxo/openjdk-8-8u91-b14/src/hotspot/src/share/vm/classfile/systemDictionary.cpp, line 210]
Event: 2.691 Thread 0x00007f23a4011000 Exception <a 'java/lang/ClassNotFoundException': org/apache/log4j/AppenderSkeletonCustomizer> (0x00000000eb443db0) thrown at [/build/openjdk-8-W1Ghxo/openjdk-8-8u91-b14/src/hotspot/src/share/vm/classfile/systemDictionary.cpp, line 210]
Event: 2.700 Thread 0x00007f23a4011000 Exception <a 'java/lang/ClassNotFoundException': org/apache/log4j/WriterAppenderCustomizer> (0x00000000eb4899d8) thrown at [/build/openjdk-8-W1Ghxo/openjdk-8-8u91-b14/src/hotspot/src/share/vm/classfile/systemDictionary.cpp, line 210]
Event: 2.705 Thread 0x00007f23a4011000 Exception <a 'java/lang/ClassNotFoundException': org/apache/log4j/ConsoleAppenderCustomizer> (0x00000000eb4bdc18) thrown at [/build/openjdk-8-W1Ghxo/openjdk-8-8u91-b14/src/hotspot/src/share/vm/classfile/systemDictionary.cpp, line 210]
Event: 4.599 Thread 0x00007f23a4011000 Exception <a 'java/lang/NoSuchFieldError': method resolution failed> (0x00000000ec81e0d0) thrown at [/build/openjdk-8-W1Ghxo/openjdk-8-8u91-b14/src/hotspot/src/share/vm/prims/methodHandles.cpp, line 1146]
Event: 4.615 Thread 0x00007f23a4011000 Exception <a 'java/lang/NoSuchFieldError': method resolution failed> (0x00000000ec82b790) thrown at [/build/openjdk-8-W1Ghxo/openjdk-8-8u91-b14/src/hotspot/src/share/vm/prims/methodHandles.cpp, line 1146]
Event: 4.940 Thread 0x00007f23a4011000 Exception <a 'java/io/FileNotFoundException'> (0x00000000ec97d2b0) thrown at [/build/openjdk-8-W1Ghxo/openjdk-8-8u91-b14/src/hotspot/src/share/vm/prims/jni.cpp, line 709]
Event: 4.940 Thread 0x00007f23a4011000 Exception <a 'java/security/PrivilegedActionException'> (0x00000000ec97d900) thrown at [/build/openjdk-8-W1Ghxo/openjdk-8-8u91-b14/src/hotspot/src/share/vm/prims/jvm.cpp, line 1386]
Event: 4.943 Thread 0x00007f23a4011000 Exception <a 'java/lang/reflect/InvocationTargetException'> (0x00000000ec97f9c0) thrown at [/build/openjdk-8-W1Ghxo/openjdk-8-8u91-b14/src/hotspot/src/share/vm/runtime/reflection.cpp, line 1092]

Events (10 events):
Event: 5.182 loading class org/apache/commons/collections/map/UnmodifiableEntrySet$UnmodifiableEntry done
Event: 5.182 loading class org/apache/commons/collections/keyvalue/AbstractMapEntryDecorator
Event: 5.182 loading class org/apache/commons/collections/keyvalue/AbstractMapEntryDecorator done
Event: 5.183 loading class org/apache/commons/collections/KeyValue
Event: 5.183 loading class org/apache/commons/collections/KeyValue done
Event: 5.200 loading class org/apache/hadoop/mapred/JobConfigurable
Event: 5.200 loading class org/apache/hadoop/mapred/JobConfigurable done
Event: 5.202 loading class java/util/concurrent/ConcurrentHashMap$MapEntry
Event: 5.204 loading class java/util/concurrent/ConcurrentHashMap$MapEntry done
Event: 5.208 Executing VM operation: ParallelGCFailedAllocation


Dynamic libraries:
00400000-00401000 r-xp 00000000 fd:01 402602                             /usr/lib/jvm/java-8-openjdk-amd64/jre/bin/java
00600000-00601000 r--p 00000000 fd:01 402602                             /usr/lib/jvm/java-8-openjdk-amd64/jre/bin/java
00601000-00602000 rw-p 00001000 fd:01 402602                             /usr/lib/jvm/java-8-openjdk-amd64/jre/bin/java
00948000-0098a000 rw-p 00000000 00:00 0                                  [heap]
c0000000-c1580000 rw-p 00000000 00:00 0 
c1580000-eab00000 ---p 00000000 00:00 0 
eab00000-ecf00000 rw-p 00000000 00:00 0 
ef800000-100000000 ---p 00000000 00:00 0 
100000000-100220000 rw-p 00000000 00:00 0 
100220000-140000000 ---p 00000000 00:00 0 
7f2358000000-7f2358021000 rw-p 00000000 00:00 0 
7f2358021000-7f235c000000 ---p 00000000 00:00 0 
7f2360000000-7f2360021000 rw-p 00000000 00:00 0 
7f2360021000-7f2364000000 ---p 00000000 00:00 0 
7f2364000000-7f2364021000 rw-p 00000000 00:00 0 
7f2364021000-7f2368000000 ---p 00000000 00:00 0 
7f236b14f000-7f236b18f000 rw-p 00000000 00:00 0 
7f236b18f000-7f236b352000 ---p 00000000 00:00 0 
7f236b352000-7f236b650000 rw-p 00000000 00:00 0 
7f236b650000-7f236b659000 r-xp 00000000 fd:01 402638                     /usr/lib/jvm/java-8-openjdk-amd64/jre/lib/amd64/libmanagement.so
7f236b659000-7f236b858000 ---p 00009000 fd:01 402638                     /usr/lib/jvm/java-8-openjdk-amd64/jre/lib/amd64/libmanagement.so
7f236b858000-7f236b859000 r--p 00008000 fd:01 402638                     /usr/lib/jvm/java-8-openjdk-amd64/jre/lib/amd64/libmanagement.so
7f236b859000-7f236b85a000 rw-p 00009000 fd:01 402638                     /usr/lib/jvm/java-8-openjdk-amd64/jre/lib/amd64/libmanagement.so
7f236b85a000-7f236ba5a000 rw-p 00000000 00:00 0 
7f236ba5a000-7f236ba5d000 r--s 00017000 fd:01 534322                     /home/sparky/knn/kNN_IS/target/kNN_IS-2.0.jar
7f236ba5d000-7f236ba5f000 r--s 00005000 fd:01 270313                     /usr/local/bin/spark-2.0.0-bin-hadoop2.7/jars/javax.annotation-api-1.2.jar
7f236ba5f000-7f236ba70000 r--s 00089000 fd:01 270265                     /usr/local/bin/spark-2.0.0-bin-hadoop2.7/jars/joda-time-2.9.3.jar
7f236ba70000-7f236ba71000 r--s 00001000 fd:01 270370                     /usr/local/bin/spark-2.0.0-bin-hadoop2.7/jars/javax.inject-2.4.0-b34.jar
7f236ba71000-7f236baee000 r--s 005f8000 fd:01 270262                     /usr/local/bin/spark-2.0.0-bin-hadoop2.7/jars/spark-catalyst_2.11-2.0.0.jar
7f236baee000-7f236baf0000 r--s 00006000 fd:01 270273                     /usr/local/bin/spark-2.0.0-bin-hadoop2.7/jars/commons-compiler-2.7.6.jar
7f236baf0000-7f236baf2000 r--s 00008000 fd:01 270207                     /usr/local/bin/spark-2.0.0-bin-hadoop2.7/jars/metrics-jvm-3.1.2.jar
7f236baf2000-7f236baf9000 r--s 0003f000 fd:01 270246                     /usr/local/bin/spark-2.0.0-bin-hadoop2.7/jars/commons-codec-1.10.jar
7f236baf9000-7f236bb14000 r--s 001d8000 fd:01 270215                     /usr/local/bin/spark-2.0.0-bin-hadoop2.7/jars/jets3t-0.9.3.jar
7f236bb14000-7f236bb2c000 r--s 000d6000 fd:01 270213                     /usr/local/bin/spark-2.0.0-bin-hadoop2.7/jars/jersey-guava-2.22.2.jar
7f236bb2c000-7f236bb30000 r--s 0003c000 fd:01 270385                     /usr/local/bin/spark-2.0.0-bin-hadoop2.7/jars/jackson-core-2.6.5.jar
7f236bb30000-7f236bb32000 r--s 00003000 fd:01 270302                     /usr/local/bin/spark-2.0.0-bin-hadoop2.7/jars/jcl-over-slf4j-1.7.16.jar
7f236bb32000-7f236bb4b000 r--s 00150000 fd:01 270270                     /usr/local/bin/spark-2.0.0-bin-hadoop2.7/jars/htrace-core-3.1.0-incubating.jar
7f236bb4b000-7f236bb68000 r--s 001d0000 fd:01 270319                     /usr/local/bin/spark-2.0.0-bin-hadoop2.7/jars/hadoop-yarn-api-2.7.2.jar
7f236bb68000-7f236bb6d000 r--s 00032000 fd:01 270397                     /usr/local/bin/spark-2.0.0-bin-hadoop2.7/jars/chill_2.11-0.8.0.jar
7f236bb6d000-7f236bb76000 r--s 00097000 fd:01 270369                     /usr/local/bin/spark-2.0.0-bin-hadoop2.7/jars/pmml-model-1.2.15.jar
7f236bb76000-7f236bba4000 r--s 00210000 fd:01 270374                     /usr/local/bin/spark-2.0.0-bin-hadoop2.7/jars/spark-network-common_2.11-2.0.0.jar
7f236bba4000-7f236bbb2000 r--s 000b1000 fd:01 270322                     /usr/local/bin/spark-2.0.0-bin-hadoop2.7/jars/jackson-mapper-asl-1.9.13.jar
7f236bc21000-7f236bc24000 ---p 00000000 00:00 0 
7f236bc24000-7f236bc5a000 rw-p 00000000 00:00 0 
7f236bc5a000-7f236bc5c000 r--s 00009000 fd:01 270305                     /usr/local/bin/spark-2.0.0-bin-hadoop2.7/jars/spark-unsafe_2.11-2.0.0.jar
7f236bc5c000-7f236bc5f000 r--s 00028000 fd:01 270205                     /usr/local/bin/spark-2.0.0-bin-hadoop2.7/jars/stream-2.7.0.jar
7f236bc5f000-7f236bc77000 r--s 00115000 fd:01 270200                     /usr/local/bin/spark-2.0.0-bin-hadoop2.7/jars/xercesImpl-2.9.1.jar
7f236bc77000-7f236bc78000 r--s 00004000 fd:01 270276                     /usr/local/bin/spark-2.0.0-bin-hadoop2.7/jars/eigenbase-properties-1.1.5.jar
7f236bc78000-7f236bc79000 r--s 00002000 fd:01 270228                     /usr/local/bin/spark-2.0.0-bin-hadoop2.7/jars/java-xmlbuilder-1.0.jar
7f236bc79000-7f236bc80000 r--s 00039000 fd:01 270292                     /usr/local/bin/spark-2.0.0-bin-hadoop2.7/jars/calcite-avatica-1.2.0-incubating.jar
7f236bc80000-7f236bc88000 r--s 00066000 fd:01 270301                     /usr/local/bin/spark-2.0.0-bin-hadoop2.7/jars/apache-log4j-extras-1.2.17.jar
7f236bc88000-7f236bc8a000 r--s 00008000 fd:01 270203                     /usr/local/bin/spark-2.0.0-bin-hadoop2.7/jars/hadoop-mapreduce-client-jobclient-2.7.2.jar
7f236bc8a000-7f236bc8c000 r--s 00012000 fd:01 270299                     /usr/local/bin/spark-2.0.0-bin-hadoop2.7/jars/compress-lzf-1.0.3.jar
7f236bc8c000-7f236bc92000 r--s 00063000 fd:01 270381                     /usr/local/bin/spark-2.0.0-bin-hadoop2.7/jars/jodd-core-3.5.2.jar
7f236bc92000-7f236bc94000 r--s 0000b000 fd:01 270373                     /usr/local/bin/spark-2.0.0-bin-hadoop2.7/jars/chill-java-0.8.0.jar
7f236bc94000-7f236bc96000 r--s 0000a000 fd:01 270225                     /usr/local/bin/spark-2.0.0-bin-hadoop2.7/jars/json-20090211.jar
7f236bc96000-7f236bc9b000 r--s 00033000 fd:01 270267                     /usr/local/bin/spark-2.0.0-bin-hadoop2.7/jars/libthrift-0.9.2.jar
7f236bc9b000-7f236bc9c000 r--s 00009000 fd:01 270379                     /usr/local/bin/spark-2.0.0-bin-hadoop2.7/jars/slf4j-api-1.7.16.jar
7f236bc9c000-7f236bca1000 r--s 00041000 fd:01 270311                     /usr/local/bin/spark-2.0.0-bin-hadoop2.7/jars/commons-lang-2.6.jar
7f236bca1000-7f236bcac000 r--s 00062000 fd:01 270296                     /usr/local/bin/spark-2.0.0-bin-hadoop2.7/jars/calcite-linq4j-1.2.0-incubating.jar
7f236bcac000-7f236bcaf000 r--s 00016000 fd:01 270234                     /usr/local/bin/spark-2.0.0-bin-hadoop2.7/jars/jsp-api-2.1.jar
7f236bcaf000-7f236bcb1000 r--s 00007000 fd:01 270310                     /usr/local/bin/spark-2.0.0-bin-hadoop2.7/jars/hadoop-yarn-server-web-proxy-2.7.2.jar
7f236bcb1000-7f236bcb4000 r--s 00021000 fd:01 270237                     /usr/local/bin/spark-2.0.0-bin-hadoop2.7/jars/xbean-asm5-shaded-4.4.jar
7f236bcb4000-7f236bcbe000 r--s 000a5000 fd:01 270328                     /usr/local/bin/spark-2.0.0-bin-hadoop2.7/jars/javassist-3.18.1-GA.jar
7f236bcbe000-7f236bcc2000 r--s 00030000 fd:01 270195                     /usr/local/bin/spark-2.0.0-bin-hadoop2.7/jars/commons-net-2.2.jar
7f236bcc2000-7f236bcc5000 r--s 00022000 fd:01 270352                     /usr/local/bin/spark-2.0.0-bin-hadoop2.7/jars/stringtemplate-3.2.1.jar
7f236bcc5000-7f236bcce000 r--s 0006f000 fd:01 270289                     /usr/local/bin/spark-2.0.0-bin-hadoop2.7/jars/log4j-1.2.17.jar
7f236bcce000-7f236bcd2000 r--s 00018000 fd:01 270226                     /usr/local/bin/spark-2.0.0-bin-hadoop2.7/jars/metrics-core-3.1.2.jar
7f236bcd2000-7f236bcd7000 r--s 00036000 fd:01 270218                     /usr/local/bin/spark-2.0.0-bin-hadoop2.7/jars/commons-compress-1.4.1.jar
7f236bcd7000-7f236bcd9000 r--s 00015000 fd:01 270294                     /usr/local/bin/spark-2.0.0-bin-hadoop2.7/jars/pyrolite-4.9.jar
7f236bcd9000-7f236bcde000 r--s 0002f000 fd:01 270366                     /usr/local/bin/spark-2.0.0-bin-hadoop2.7/jars/parquet-hadoop-1.7.0.jar
7f236bcde000-7f236bce6000 r--s 00059000 fd:01 270252                     /usr/local/bin/spark-2.0.0-bin-hadoop2.7/jars/javolution-5.5.1.jar
7f236bce6000-7f236bcf4000 r--s 00099000 fd:01 270283                     /usr/local/bin/spark-2.0.0-bin-hadoop2.7/jars/spark-graphx_2.11-2.0.0.jar
7f236bcf4000-7f236bd57000 r--s 004de000 fd:01 270284                     /usr/local/bin/spark-2.0.0-bin-hadoop2.7/jars/hive-metastore-1.2.1.spark2.jar
7f236bd57000-7f236bd59000 r--s 00006000 fd:01 270371                     /usr/local/bin/spark-2.0.0-bin-hadoop2.7/jars/spark-sketch_2.11-2.0.0.jar
7f236bd59000-7f236bd63000 r--s 00075000 fd:01 270240                     /usr/local/bin/spark-2.0.0-bin-hadoop2.7/jars/hadoop-mapreduce-client-app-2.7.2.jar
7f236bd63000-7f236bd64000 r--s 00004000 fd:01 270399                     /usr/local/bin/spark-2.0.0-bin-hadoop2.7/jars/osgi-resource-locator-1.0.1.jar
7f236bd64000-7f236bd68000 r--s 00025000 fd:01 270382                     /usr/local/bin/spark-2.0.0-bin-hadoop2.7/jars/jersey-client-2.22.2.jar
7f236bd68000-7f236bd6a000 r--s 00000000 fd:01 270324                     /usr/local/bin/spark-2.0.0-bin-hadoop2.7/jars/aopalliance-1.0.jar
7f236bd6a000-7f236bd94000 r--s 002cc000 fd:01 270297                     /usr/local/bin/spark-2.0.0-bin-hadoop2.7/jars/derby-10.11.1.1.jar
7f236bd94000-7f236bda5000 r--s 0010d000 fd:01 270277                     /usr/local/bin/spark-2.0.0-bin-hadoop2.7/jars/jackson-databind-2.6.5.jar
7f236bda5000-7f236bda7000 r--s 00100000 fd:01 270263                     /usr/local/bin/spark-2.0.0-bin-hadoop2.7/jars/snappy-java-1.1.2.4.jar
7f236bda7000-7f236bda8000 r--s 00009000 fd:01 270244                     /usr/local/bin/spark-2.0.0-bin-hadoop2.7/jars/json4s-jackson_2.11-3.2.11.jar
7f236bda8000-7f236bdad000 r--s 0002a000 fd:01 270221                     /usr/local/bin/spark-2.0.0-bin-hadoop2.7/jars/commons-beanutils-1.7.0.jar
7f236bdad000-7f236be02000 r--s 0069c000 fd:01 270236                     /usr/local/bin/spark-2.0.0-bin-hadoop2.7/jars/spire_2.11-0.7.4.jar
7f236be02000-7f236be03000 r--s 00009000 fd:01 270360                     /usr/local/bin/spark-2.0.0-bin-hadoop2.7/jars/hive-cli-1.2.1.spark2.jar
7f236be03000-7f236be0d000 r--s 00095000 fd:01 270293                     /usr/local/bin/spark-2.0.0-bin-hadoop2.7/jars/scala-xml_2.11-1.0.2.jar
7f236be0d000-7f236be1a000 r--s 000a7000 fd:01 270271                     /usr/local/bin/spark-2.0.0-bin-hadoop2.7/jars/httpclient-4.5.2.jar
7f236be1a000-7f236be1c000 r--s 00003000 fd:01 270378                     /usr/local/bin/spark-2.0.0-bin-hadoop2.7/jars/base64-2.3.8.jar
7f236be1c000-7f236be22000 r--s 00040000 fd:01 270217                     /usr/local/bin/spark-2.0.0-bin-hadoop2.7/jars/parquet-encoding-1.7.0.jar
7f236be22000-7f236be23000 r--s 00001000 fd:01 270264                     /usr/local/bin/spark-2.0.0-bin-hadoop2.7/jars/pmml-schema-1.2.15.jar
7f236be23000-7f236be39000 r--s 001a4000 fd:01 270254                     /usr/local/bin/spark-2.0.0-bin-hadoop2.7/jars/datanucleus-rdbms-3.2.9.jar
7f236be39000-7f236be40000 r--s 00046000 fd:01 270388                     /usr/local/bin/spark-2.0.0-bin-hadoop2.7/jars/libfb303-0.9.2.jar
7f236be40000-7f236be56000 r--s 000d3000 fd:01 270269                     /usr/local/bin/spark-2.0.0-bin-hadoop2.7/jars/jersey-server-2.22.2.jar
7f236be56000-7f236be57000 r--s 0000b000 fd:01 270266                     /usr/local/bin/spark-2.0.0-bin-hadoop2.7/jars/hadoop-mapreduce-client-shuffle-2.7.2.jar
7f236be57000-7f236be65000 r--s 0012a000 fd:01 270290                     /usr/local/bin/spark-2.0.0-bin-hadoop2.7/jars/mesos-0.21.1-shaded-protobuf.jar
7f236be65000-7f236be68000 r--s 00025000 fd:01 270259                     /usr/local/bin/spark-2.0.0-bin-hadoop2.7/jars/commons-dbcp-1.4.jar
7f236be68000-7f236be6a000 r--s 0000f000 fd:01 270278                     /usr/local/bin/spark-2.0.0-bin-hadoop2.7/jars/curator-client-2.6.0.jar
7f236be6a000-7f236be73000 r--s 00062000 fd:01 270223                     /usr/local/bin/spark-2.0.0-bin-hadoop2.7/jars/avro-1.7.7.jar
7f236be73000-7f236be77000 r--s 0000c000 fd:01 270258                     /usr/local/bin/spark-2.0.0-bin-hadoop2.7/jars/validation-api-1.1.0.Final.jar
7f236be77000-7f236be7c000 r--s 00068000 fd:01 270337                     /usr/local/bin/spark-2.0.0-bin-hadoop2.7/jars/antlr-2.7.7.jar
7f236be7c000-7f236be7f000 r--s 0000c000 fd:01 270295                     /usr/local/bin/spark-2.0.0-bin-hadoop2.7/jars/spark-network-shuffle_2.11-2.0.0.jar
7f236be7f000-7f236be97000 r--s 0015e000 fd:01 270393                     /usr/local/bin/spark-2.0.0-bin-hadoop2.7/jars/hadoop-mapreduce-client-core-2.7.2.jar
7f236be97000-7f236be99000 r--s 0000e000 fd:01 270199                     /usr/local/bin/spark-2.0.0-bin-hadoop2.7/jars/oro-2.0.8.jar
7f236be99000-7f236bf06000 r--s 00522000 fd:01 270239                     /usr/local/bin/spark-2.0.0-bin-hadoop2.7/jars/spark-mllib_2.11-2.0.0.jar
7f236bf06000-7f236bf08000 r--s 00003000 fd:01 270356                     /usr/local/bin/spark-2.0.0-bin-hadoop2.7/jars/JavaEWAH-0.3.2.jar
7f236bf08000-7f236bf1c000 r--s 000e9000 fd:01 270377                     /usr/local/bin/spark-2.0.0-bin-hadoop2.7/jars/spark-hive_2.11-2.0.0.jar
7f236bf1c000-7f236bf29000 r--s 000ab000 fd:01 270291                     /usr/local/bin/spark-2.0.0-bin-hadoop2.7/jars/hadoop-mapreduce-client-common-2.7.2.jar
7f236bf29000-7f236bfd2000 r--s 00a4f000 fd:01 270347                     /usr/local/bin/spark-2.0.0-bin-hadoop2.7/jars/hive-exec-1.2.1.spark2.jar
7f236bfd2000-7f236c000000 r--s 001d0000 fd:01 270253                     /usr/local/bin/spark-2.0.0-bin-hadoop2.7/jars/spark-streaming_2.11-2.0.0.jar
7f236c000000-7f236c3a3000 rw-p 00000000 00:00 0 
7f236c3a3000-7f2370000000 ---p 00000000 00:00 0 
7f2370000000-7f2370021000 rw-p 00000000 00:00 0 
7f2370021000-7f2374000000 ---p 00000000 00:00 0 
7f2374000000-7f2374021000 rw-p 00000000 00:00 0 
7f2374021000-7f2378000000 ---p 00000000 00:00 0 
7f2378000000-7f237851c000 rw-p 00000000 00:00 0 
7f237851c000-7f237c000000 ---p 00000000 00:00 0 
7f237c000000-7f237c021000 rw-p 00000000 00:00 0 
7f237c021000-7f2380000000 ---p 00000000 00:00 0 
7f2380000000-7f2380021000 rw-p 00000000 00:00 0 
7f2380021000-7f2384000000 ---p 00000000 00:00 0 
7f2384000000-7f2384021000 rw-p 00000000 00:00 0 
7f2384021000-7f2388000000 ---p 00000000 00:00 0 
7f2388000000-7f2388021000 rw-p 00000000 00:00 0 
7f2388021000-7f238c000000 ---p 00000000 00:00 0 
7f238c000000-7f238c021000 rw-p 00000000 00:00 0 
7f238c021000-7f2390000000 ---p 00000000 00:00 0 
7f2390000000-7f2390001000 r--s 00004000 fd:01 270275                     /usr/local/bin/spark-2.0.0-bin-hadoop2.7/jars/jackson-jaxrs-1.9.13.jar
7f2390001000-7f2390003000 r--s 0000e000 fd:01 270353                     /usr/local/bin/spark-2.0.0-bin-hadoop2.7/jars/guice-servlet-3.0.jar
7f2390003000-7f2390006000 r--s 0000e000 fd:01 270220                     /usr/local/bin/spark-2.0.0-bin-hadoop2.7/jars/jersey-container-servlet-core-2.22.2.jar
7f2390006000-7f239000b000 r--s 0004e000 fd:01 270224                     /usr/local/bin/spark-2.0.0-bin-hadoop2.7/jars/datanucleus-api-jdo-3.2.6.jar
7f239000b000-7f2390012000 r--s 0007d000 fd:01 270288                     /usr/local/bin/spark-2.0.0-bin-hadoop2.7/jars/jetty-6.1.26.jar
7f2390012000-7f2390018000 r--s 00044000 fd:01 270326                     /usr/local/bin/spark-2.0.0-bin-hadoop2.7/jars/antlr4-runtime-4.5.3.jar
7f2390018000-7f239001a000 r--s 0000e000 fd:01 270197                     /usr/local/bin/spark-2.0.0-bin-hadoop2.7/jars/spark-repl_2.11-2.0.0.jar
7f239001a000-7f2390032000 r--s 001b6000 fd:01 270211                     /usr/local/bin/spark-2.0.0-bin-hadoop2.7/jars/datanucleus-core-3.2.10.jar
7f2390032000-7f2390034000 r--s 00012000 fd:01 270349                     /usr/local/bin/spark-2.0.0-bin-hadoop2.7/jars/api-util-1.0.0-M20.jar
7f2390034000-7f2390036000 r--s 00004000 fd:01 270229                     /usr/local/bin/spark-2.0.0-bin-hadoop2.7/jars/stax-api-1.0-2.jar
7f2390036000-7f239003c000 r--s 00041000 fd:01 270376                     /usr/local/bin/spark-2.0.0-bin-hadoop2.7/jars/univocity-parsers-2.1.1.jar
7f239003c000-7f2390044000 r--s 00078000 fd:01 270351                     /usr/local/bin/spark-2.0.0-bin-hadoop2.7/jars/mail-1.4.7.jar
7f2390044000-7f2390150000 r--s 00dba000 fd:01 270391                     /usr/local/bin/spark-2.0.0-bin-hadoop2.7/jars/scala-compiler-2.11.8.jar
7f2390150000-7f2390153000 r--s 00014000 fd:01 270325                     /usr/local/bin/spark-2.0.0-bin-hadoop2.7/jars/super-csv-2.2.0.jar
7f2390153000-7f239015a000 r--s 00052000 fd:01 270364                     /usr/local/bin/spark-2.0.0-bin-hadoop2.7/jars/hadoop-yarn-server-common-2.7.2.jar
7f239015a000-7f2390167000 r--s 00071000 fd:01 270362                     /usr/local/bin/spark-2.0.0-bin-hadoop2.7/jars/jackson-module-scala_2.11-2.6.5.jar
7f2390167000-7f2390168000 r--s 00003000 fd:01 270235                     /usr/local/bin/spark-2.0.0-bin-hadoop2.7/jars/xmlenc-0.52.jar
7f2390168000-7f239016b000 r--s 00015000 fd:01 270261                     /usr/local/bin/spark-2.0.0-bin-hadoop2.7/jars/commons-pool-1.5.4.jar
7f239016b000-7f239016f000 r--s 00025000 fd:01 270201                     /usr/local/bin/spark-2.0.0-bin-hadoop2.7/jars/antlr-runtime-3.4.jar
7f239016f000-7f2390170000 r--s 00004000 fd:01 270280                     /usr/local/bin/spark-2.0.0-bin-hadoop2.7/jars/opencsv-2.3.jar
7f2390170000-7f2390175000 r--s 00027000 fd:01 270392                     /usr/local/bin/spark-2.0.0-bin-hadoop2.7/jars/hk2-api-2.4.0-b34.jar
7f2390175000-7f2390178000 r--s 0000f000 fd:01 270198                     /usr/local/bin/spark-2.0.0-bin-hadoop2.7/jars/hadoop-auth-2.7.2.jar
7f2390178000-7f239018a000 r--s 00097000 fd:01 270350                     /usr/local/bin/spark-2.0.0-bin-hadoop2.7/jars/apacheds-kerberos-codec-2.0.0-M15.jar
7f239018a000-7f239018e000 r--s 0001e000 fd:01 270202                     /usr/local/bin/spark-2.0.0-bin-hadoop2.7/jars/breeze-macros_2.11-0.11.2.jar
7f239018e000-7f2390190000 r--s 00009000 fd:01 270380                     /usr/local/bin/spark-2.0.0-bin-hadoop2.7/jars/objenesis-2.1.jar
7f2390190000-7f2390194000 r--s 00036000 fd:01 270383                     /usr/local/bin/spark-2.0.0-bin-hadoop2.7/jars/ST4-4.0.4.jar
7f2390194000-7f23901cb000 r--s 00325000 fd:01 270348                     /usr/local/bin/spark-2.0.0-bin-hadoop2.7/jars/calcite-core-1.2.0-incubating.jar
7f23901cb000-7f239023f000 r--s 00564000 fd:01 270219                     /usr/local/bin/spark-2.0.0-bin-hadoop2.7/jars/spark-sql_2.11-2.0.0.jar
7f239023f000-7f2390260000 r--s 0019a000 fd:01 270330                     /usr/local/bin/spark-2.0.0-bin-hadoop2.7/jars/spark-hive-thriftserver_2.11-2.0.0.jar
7f2390260000-7f2390261000 r--s 00002000 fd:01 270260                     /usr/local/bin/spark-2.0.0-bin-hadoop2.7/jars/slf4j-log4j12-1.7.16.jar
7f2390261000-7f2390264000 r--s 00012000 fd:01 270245                     /usr/local/bin/spark-2.0.0-bin-hadoop2.7/jars/json4s-ast_2.11-3.2.11.jar
7f2390264000-7f2390274000 r--s 00093000 fd:01 270394                     /usr/local/bin/spark-2.0.0-bin-hadoop2.7/jars/spark-yarn_2.11-2.0.0.jar
7f2390274000-7f2390278000 r--s 00014000 fd:01 270387                     /usr/local/bin/spark-2.0.0-bin-hadoop2.7/jars/xz-1.0.jar
7f2390278000-7f239027a000 r--s 00014000 fd:01 270281                     /usr/local/bin/spark-2.0.0-bin-hadoop2.7/jars/spire-macros_2.11-0.7.4.jar
7f239027a000-7f239027c000 r--s 00006000 fd:01 270230                     /usr/local/bin/spark-2.0.0-bin-hadoop2.7/jars/paranamer-2.3.jar
7f239027c000-7f2390280000 r--s 00031000 fd:01 270363                     /usr/local/bin/spark-2.0.0-bin-hadoop2.7/jars/jline-2.12.jar
7f2390280000-7f2390283000 r--s 00019000 fd:01 270194                     /usr/local/bin/spark-2.0.0-bin-hadoop2.7/jars/bonecp-0.8.0.RELEASE.jar
7f2390283000-7f2390286000 r--s 00015000 fd:01 270196                     /usr/local/bin/spark-2.0.0-bin-hadoop2.7/jars/javax.servlet-api-3.1.0.jar
7f2390286000-7f2390288000 r--s 00009000 fd:01 270372                     /usr/local/bin/spark-2.0.0-bin-hadoop2.7/jars/commons-cli-1.2.jar
7f2390288000-7f23902bc000 r--s 00277000 fd:01 270233                     /usr/local/bin/spark-2.0.0-bin-hadoop2.7/jars/parquet-hadoop-bundle-1.6.0.jar
7f23902bc000-7f23902c1000 r--s 0002a000 fd:01 270304                     /usr/local/bin/spark-2.0.0-bin-hadoop2.7/jars/gson-2.2.4.jar
7f23902c1000-7f23902e3000 r--s 001d4000 fd:01 270286                     /usr/local/bin/spark-2.0.0-bin-hadoop2.7/jars/netty-all-4.0.29.Final.jar
7f23902e3000-7f23902f7000 r--s 000ec000 fd:01 270354                     /usr/local/bin/spark-2.0.0-bin-hadoop2.7/jars/parquet-jackson-1.7.0.jar
7f23902f7000-7f23902fd000 r--s 0002c000 fd:01 270358                     /usr/local/bin/spark-2.0.0-bin-hadoop2.7/jars/jdo-api-3.0.1.jar
7f23902fd000-7f2390303000 r--s 00045000 fd:01 270248                     /usr/local/bin/spark-2.0.0-bin-hadoop2.7/jars/commons-httpclient-3.1.jar
7f2390303000-7f2390307000 r--s 0002f000 fd:01 270343                     /usr/local/bin/spark-2.0.0-bin-hadoop2.7/jars/commons-beanutils-core-1.8.0.jar
7f2390307000-7f239030a000 r--s 00018000 fd:01 270279                     /usr/local/bin/spark-2.0.0-bin-hadoop2.7/jars/py4j-0.10.1.jar
7f239030a000-7f239030b000 r--s 00003000 fd:01 270210                     /usr/local/bin/spark-2.0.0-bin-hadoop2.7/jars/jta-1.1.jar
7f239030b000-7f239030e000 r--s 00006000 fd:01 270287                     /usr/local/bin/spark-2.0.0-bin-hadoop2.7/jars/jsr305-1.3.9.jar
7f239030e000-7f239030f000 r--s 00003000 fd:01 270357                     /usr/local/bin/spark-2.0.0-bin-hadoop2.7/jars/metrics-json-3.1.2.jar
7f239030f000-7f2390317000 r--s 0007b000 fd:01 270307                     /usr/local/bin/spark-2.0.0-bin-hadoop2.7/jars/protobuf-java-2.5.0.jar
7f2390317000-7f239031d000 r--s 00043000 fd:01 270390                     /usr/local/bin/spark-2.0.0-bin-hadoop2.7/jars/commons-configuration-1.6.jar
7f239031d000-7f2390327000 r--s 00086000 fd:01 270282                     /usr/local/bin/spark-2.0.0-bin-hadoop2.7/jars/json4s-core_2.11-3.2.11.jar
7f2390327000-7f239032a000 r--s 00009000 fd:01 270320                     /usr/local/bin/spark-2.0.0-bin-hadoop2.7/jars/jackson-annotations-2.6.5.jar
7f239032a000-7f239032c000 r--s 00002000 fd:01 270249                     /usr/local/bin/spark-2.0.0-bin-hadoop2.7/jars/aopalliance-repackaged-2.4.0-b34.jar
7f239032c000-7f2390396000 r--s 00779000 fd:01 270242                     /usr/local/bin/spark-2.0.0-bin-hadoop2.7/jars/hadoop-hdfs-2.7.2.jar
7f2390396000-7f239039d000 r--s 00058000 fd:01 270231                     /usr/local/bin/spark-2.0.0-bin-hadoop2.7/jars/parquet-format-2.3.0-incubating.jar
7f239039d000-7f239039e000 r--s 0000a000 fd:01 270257                     /usr/local/bin/spark-2.0.0-bin-hadoop2.7/jars/apacheds-i18n-2.0.0-M15.jar
7f239039e000-7f23903b5000 r--s 0017d000 fd:01 270274                     /usr/local/bin/spark-2.0.0-bin-hadoop2.7/jars/hadoop-yarn-common-2.7.2.jar
7f23903b5000-7f23903b7000 r--s 00005000 fd:01 270312                     /usr/local/bin/spark-2.0.0-bin-hadoop2.7/jars/stax-api-1.0.1.jar
7f23903b7000-7f23903be000 r--s 00036000 fd:01 270268                     /usr/local/bin/spark-2.0.0-bin-hadoop2.7/jars/curator-recipes-2.6.0.jar
7f23903be000-7f23903c2000 r--s 00020000 fd:01 270285                     /usr/local/bin/spark-2.0.0-bin-hadoop2.7/jars/commons-digester-1.8.jar
7f23903c2000-7f2390402000 r--s 00277000 fd:01 270329                     /usr/local/bin/spark-2.0.0-bin-hadoop2.7/jars/bcprov-jdk15on-1.51.jar
7f2390402000-7f2390409000 r--s 00051000 fd:01 270206                     /usr/local/bin/spark-2.0.0-bin-hadoop2.7/jars/kryo-shaded-3.0.3.jar
7f2390409000-7f239040d000 r--s 0002c000 fd:01 270317                     /usr/local/bin/spark-2.0.0-bin-hadoop2.7/jars/avro-ipc-1.7.7.jar
7f239040d000-7f2390410000 r--s 0000e000 fd:01 270341                     /usr/local/bin/spark-2.0.0-bin-hadoop2.7/jars/spark-launcher_2.11-2.0.0.jar
7f2390410000-7f2390469000 r--s 00522000 fd:01 270398                     /usr/local/bin/spark-2.0.0-bin-hadoop2.7/jars/scala-library-2.11.8.jar
7f2390469000-7f239046a000 r--s 00000000 fd:01 270243                     /usr/local/bin/spark-2.0.0-bin-hadoop2.7/jars/javax.inject-1.jar
7f239046a000-7f239046c000 r--s 00004000 fd:01 270204                     /usr/local/bin/spark-2.0.0-bin-hadoop2.7/jars/parquet-generator-1.7.0.jar
7f239046c000-7f239046f000 r--s 000fd000 fd:01 270247                     /usr/local/bin/spark-2.0.0-bin-hadoop2.7/jars/leveldbjni-all-1.8.jar
7f239046f000-7f2390498000 r--s 001ee000 fd:01 270395                     /usr/local/bin/spark-2.0.0-bin-hadoop2.7/jars/guava-14.0.1.jar
7f2390498000-7f239049a000 r--s 00038000 fd:01 270335                     /usr/local/bin/spark-2.0.0-bin-hadoop2.7/jars/lz4-1.3.0.jar
7f239049a000-7f239049c000 r--s 00020000 fd:01 270318                     /usr/local/bin/spark-2.0.0-bin-hadoop2.7/jars/hive-beeline-1.2.1.spark2.jar
7f239049c000-7f23904a3000 r--s 00049000 fd:01 270306                     /usr/local/bin/spark-2.0.0-bin-hadoop2.7/jars/httpcore-4.4.4.jar
7f23904a3000-7f23904b0000 r--s 00083000 fd:01 270241                     /usr/local/bin/spark-2.0.0-bin-hadoop2.7/jars/commons-collections-3.2.2.jar
7f23904b0000-7f23904b2000 r--s 0000f000 fd:01 270209                     /usr/local/bin/spark-2.0.0-bin-hadoop2.7/jars/activation-1.1.1.jar
7f23904b2000-7f23904b3000 r--s 00001000 fd:01 270251                     /usr/local/bin/spark-2.0.0-bin-hadoop2.7/jars/minlog-1.3.0.jar
7f23904b3000-7f2390588000 r--s 00a51000 fd:01 270344                     /usr/local/bin/spark-2.0.0-bin-hadoop2.7/jars/spark-core_2.11-2.0.0.jar
7f2390588000-7f23905a0000 r--s 00115000 fd:01 270355                     /usr/local/bin/spark-2.0.0-bin-hadoop2.7/jars/netty-3.8.0.Final.jar
7f23905a0000-7f23905a3000 r--s 00020000 fd:01 270309                     /usr/local/bin/spark-2.0.0-bin-hadoop2.7/jars/hadoop-yarn-client-2.7.2.jar
7f23905a3000-7f23905a5000 r--s 00004000 fd:01 270333                     /usr/local/bin/spark-2.0.0-bin-hadoop2.7/jars/metrics-graphite-3.1.2.jar
7f23905a5000-7f23905ac000 r--s 0005e000 fd:01 270227                     /usr/local/bin/spark-2.0.0-bin-hadoop2.7/jars/commons-lang3-3.3.2.jar
7f23905ac000-7f23905ae000 r--s 00000000 fd:01 270368                     /usr/local/bin/spark-2.0.0-bin-hadoop2.7/jars/jul-to-slf4j-1.7.16.jar
7f23905ae000-7f23905b0000 r--s 00009000 fd:01 270323                     /usr/local/bin/spark-2.0.0-bin-hadoop2.7/jars/jackson-module-paranamer-2.6.5.jar
7f23905b0000-7f23905b1000 r--s 0000b000 fd:01 270272                     /usr/local/bin/spark-2.0.0-bin-hadoop2.7/jars/snappy-0.2.jar
7f23905b1000-7f23905b3000 r--s 00010000 fd:01 270321                     /usr/local/bin/spark-2.0.0-bin-hadoop2.7/jars/jersey-media-jaxb-2.22.2.jar
7f23905b3000-7f23905c9000 r--s 000ca000 fd:01 270345                     /usr/local/bin/spark-2.0.0-bin-hadoop2.7/jars/parquet-column-1.7.0.jar
7f23905c9000-7f23905cd000 r--s 00029000 fd:01 270232                     /usr/local/bin/spark-2.0.0-bin-hadoop2.7/jars/hk2-locator-2.4.0-b34.jar
7f23905cd000-7f23905d6000 r--s 0008d000 fd:01 270315                     /usr/local/bin/spark-2.0.0-bin-hadoop2.7/jars/janino-2.7.8.jar
7f23905d6000-7f23905db000 r--s 00027000 fd:01 270396                     /usr/local/bin/spark-2.0.0-bin-hadoop2.7/jars/spark-mllib-local_2.11-2.0.0.jar
7f23905db000-7f23905dd000 r--s 00003000 fd:01 270338                     /usr/local/bin/spark-2.0.0-bin-hadoop2.7/jars/hadoop-annotations-2.7.2.jar
7f23905dd000-7f23905de000 r--s 00000000 fd:01 270332                     /usr/local/bin/spark-2.0.0-bin-hadoop2.7/jars/hadoop-client-2.7.2.jar
7f23905de000-7f2390600000 rw-p 00000000 00:00 0 
7f2390600000-7f23906d5000 r--s 00bff000 fd:01 270214                     /usr/local/bin/spark-2.0.0-bin-hadoop2.7/jars/breeze_2.11-0.11.2.jar
7f23906d5000-7f23906db000 r--s 00028000 fd:01 270314                     /usr/local/bin/spark-2.0.0-bin-hadoop2.7/jars/curator-framework-2.6.0.jar
7f23906db000-7f23906dc000 r--s 00003000 fd:01 270308                     /usr/local/bin/spark-2.0.0-bin-hadoop2.7/jars/spark-tags_2.11-2.0.0.jar
7f23906dc000-7f23906e7000 r--s 0005d000 fd:01 270384                     /usr/local/bin/spark-2.0.0-bin-hadoop2.7/jars/scala-parser-combinators_2.11-1.0.4.jar
7f23906e7000-7f23906e9000 r--s 00004000 fd:01 270298                     /usr/local/bin/spark-2.0.0-bin-hadoop2.7/jars/parquet-common-1.7.0.jar
7f23906e9000-7f23906ed000 r--s 00035000 fd:01 270238                     /usr/local/bin/spark-2.0.0-bin-hadoop2.7/jars/jackson-core-asl-1.9.13.jar
7f23906ed000-7f23906f8000 r--s 000b0000 fd:01 270300                     /usr/local/bin/spark-2.0.0-bin-hadoop2.7/jars/jtransforms-2.4.0.jar
7f23906f8000-7f23906fa000 r--s 00027000 fd:01 270336                     /usr/local/bin/spark-2.0.0-bin-hadoop2.7/jars/core-1.1.2.jar
7f23906fa000-7f23906ff000 r--s 00028000 fd:01 270375                     /usr/local/bin/spark-2.0.0-bin-hadoop2.7/jars/avro-mapred-1.7.7-hadoop2.jar
7f23906ff000-7f2390702000 r--s 00017000 fd:01 270346                     /usr/local/bin/spark-2.0.0-bin-hadoop2.7/jars/jaxb-api-2.2.2.jar
7f2390702000-7f2390706000 r--s 00028000 fd:01 270216                     /usr/local/bin/spark-2.0.0-bin-hadoop2.7/jars/jetty-util-6.1.26.jar
7f2390706000-7f2390718000 r--s 00112000 fd:01 270367                     /usr/local/bin/spark-2.0.0-bin-hadoop2.7/jars/arpack_combined_all-0.1.jar
7f2390718000-7f239071a000 r--s 00017000 fd:01 270250                     /usr/local/bin/spark-2.0.0-bin-hadoop2.7/jars/hive-jdbc-1.2.1.spark2.jar
7f239071a000-7f239071d000 r--s 0002f000 fd:01 270208                     /usr/local/bin/spark-2.0.0-bin-hadoop2.7/jars/RoaringBitmap-0.5.11.jar
7f239071d000-7f239072b000 r--s 0009d000 fd:01 270255                     /usr/local/bin/spark-2.0.0-bin-hadoop2.7/jars/jersey-common-2.22.2.jar
7f239072b000-7f239073d000 r--s 000b3000 fd:01 270359                     /usr/local/bin/spark-2.0.0-bin-hadoop2.7/jars/scalap-2.11.8.jar
7f239073d000-7f2390744000 r--s 0005d000 fd:01 270340                     /usr/local/bin/spark-2.0.0-bin-hadoop2.7/jars/mx4j-3.0.2.jar
7f2390744000-7f239075a000 r--s 00124000 fd:01 270365                     /usr/local/bin/spark-2.0.0-bin-hadoop2.7/jars/ivy-2.4.0.jar
7f239075a000-7f239075c000 r--s 0000e000 fd:01 270342                     /usr/local/bin/spark-2.0.0-bin-hadoop2.7/jars/commons-logging-1.1.3.jar
7f239075c000-7f2390792000 r--s 00313000 fd:01 270339                     /usr/local/bin/spark-2.0.0-bin-hadoop2.7/jars/hadoop-common-2.7.2.jar
7f2390792000-7f23907b6000 r--s 001cd000 fd:01 270386                     /usr/local/bin/spark-2.0.0-bin-hadoop2.7/jars/commons-math3-3.4.1.jar
7f23907b6000-7f23907ba000 r--s 0002a000 fd:01 270316                     /usr/local/bin/spark-2.0.0-bin-hadoop2.7/jars/commons-io-2.4.jar
7f23907ba000-7f23907bb000 r--s 00006000 fd:01 270334                     /usr/local/bin/spark-2.0.0-bin-hadoop2.7/jars/jackson-xc-1.9.13.jar
7f23907bb000-7f23907bd000 r--s 00003000 fd:01 270256                     /usr/local/bin/spark-2.0.0-bin-hadoop2.7/jars/api-asn1-api-1.0.0-M20.jar
7f23907bd000-7f23907c1000 r--s 0001a000 fd:01 270222                     /usr/local/bin/spark-2.0.0-bin-hadoop2.7/jars/hk2-utils-2.4.0-b34.jar
7f23907c1000-7f239080d000 r--s 00411000 fd:01 270389                     /usr/local/bin/spark-2.0.0-bin-hadoop2.7/jars/scala-reflect-2.11.8.jar
7f239080d000-7f2390811000 r--s 00019000 fd:01 270331                     /usr/local/bin/spark-2.0.0-bin-hadoop2.7/jars/javax.ws.rs-api-2.0.1.jar
7f2390811000-7f2390813000 r--s 00003000 fd:01 270212                     /usr/local/bin/spark-2.0.0-bin-hadoop2.7/jars/jersey-container-servlet-2.22.2.jar
7f2390813000-7f239081f000 r--s 000b6000 fd:01 270361                     /usr/local/bin/spark-2.0.0-bin-hadoop2.7/jars/zookeeper-3.4.6.jar
7f239081f000-7f239082e000 r--s 0009f000 fd:01 270303                     /usr/local/bin/spark-2.0.0-bin-hadoop2.7/jars/guice-3.0.jar
7f239082e000-7f2390832000 r--s 00037000 fd:01 658649                     /usr/lib/jvm/java-8-openjdk-amd64/jre/lib/ext/sunpkcs11.jar
7f2390832000-7f239084e000 r--s 00393000 fd:01 658642                     /usr/lib/jvm/java-8-openjdk-amd64/jre/lib/ext/cldrdata.jar
7f239084e000-7f2390869000 r--s 001d7000 fd:01 658640                     /usr/lib/jvm/java-8-openjdk-amd64/jre/lib/ext/nashorn.jar
7f2390869000-7f2390873000 r--s 00116000 fd:01 658648                     /usr/lib/jvm/java-8-openjdk-amd64/jre/lib/ext/localedata.jar
7f2390873000-7f2390874000 ---p 00000000 00:00 0 
7f2390874000-7f2390974000 rw-p 00000000 00:00 0 
7f2390974000-7f2390977000 ---p 00000000 00:00 0 
7f2390977000-7f2390a75000 rw-p 00000000 00:00 0 
7f2390a75000-7f2390a78000 ---p 00000000 00:00 0 
7f2390a78000-7f2390b76000 rw-p 00000000 00:00 0 
7f2390b76000-7f2390b79000 ---p 00000000 00:00 0 
7f2390b79000-7f2390c77000 rw-p 00000000 00:00 0 
7f2390c77000-7f2390c7a000 ---p 00000000 00:00 0 
7f2390c7a000-7f2390d78000 rw-p 00000000 00:00 0 
7f2390d78000-7f2391098000 r--p 00000000 fd:01 130716                     /usr/lib/locale/locale-archive
7f2391098000-7f239109b000 ---p 00000000 00:00 0 
7f239109b000-7f2391199000 rw-p 00000000 00:00 0 
7f2391199000-7f239119c000 ---p 00000000 00:00 0 
7f239119c000-7f239129a000 rw-p 00000000 00:00 0 
7f239129a000-7f239129b000 ---p 00000000 00:00 0 
7f239129b000-7f2391ca4000 rw-p 00000000 00:00 0 
7f2391ca4000-7f2391e72000 r--s 03beb000 fd:01 402652                     /usr/lib/jvm/java-8-openjdk-amd64/jre/lib/rt.jar
7f2391e72000-7f23948e8000 rw-p 00000000 00:00 0 
7f23948e8000-7f23948e9000 ---p 00000000 00:00 0 
7f23948e9000-7f23949e9000 rw-p 00000000 00:00 0 
7f23949e9000-7f23949ea000 ---p 00000000 00:00 0 
7f23949ea000-7f2394af5000 rw-p 00000000 00:00 0 
7f2394af5000-7f2394c40000 ---p 00000000 00:00 0 
7f2394c40000-7f2394c4e000 rw-p 00000000 00:00 0 
7f2394c4e000-7f2395000000 ---p 00000000 00:00 0 
7f2395000000-7f2395380000 rwxp 00000000 00:00 0 
7f2395380000-7f23a4000000 ---p 00000000 00:00 0 
7f23a4000000-7f23a4eba000 rw-p 00000000 00:00 0 
7f23a4eba000-7f23a8000000 ---p 00000000 00:00 0 
7f23a8000000-7f23a8005000 r--s 0003b000 fd:01 658646                     /usr/lib/jvm/java-8-openjdk-amd64/jre/lib/ext/sunjce_provider.jar
7f23a8005000-7f23a8073000 rw-p 00000000 00:00 0 
7f23a8073000-7f23a81bd000 ---p 00000000 00:00 0 
7f23a81bd000-7f23a81d0000 rw-p 00000000 00:00 0 
7f23a81d0000-7f23a8268000 ---p 00000000 00:00 0 
7f23a8268000-7f23a8269000 rw-p 00000000 00:00 0 
7f23a8269000-7f23a8271000 r-xp 00000000 fd:01 402631                     /usr/lib/jvm/java-8-openjdk-amd64/jre/lib/amd64/libzip.so
7f23a8271000-7f23a8470000 ---p 00008000 fd:01 402631                     /usr/lib/jvm/java-8-openjdk-amd64/jre/lib/amd64/libzip.so
7f23a8470000-7f23a8471000 r--p 00007000 fd:01 402631                     /usr/lib/jvm/java-8-openjdk-amd64/jre/lib/amd64/libzip.so
7f23a8471000-7f23a8472000 rw-p 00008000 fd:01 402631                     /usr/lib/jvm/java-8-openjdk-amd64/jre/lib/amd64/libzip.so
7f23a8472000-7f23a847d000 r-xp 00000000 fd:01 391717                     /lib/x86_64-linux-gnu/libnss_files-2.23.so
7f23a847d000-7f23a867c000 ---p 0000b000 fd:01 391717                     /lib/x86_64-linux-gnu/libnss_files-2.23.so
7f23a867c000-7f23a867d000 r--p 0000a000 fd:01 391717                     /lib/x86_64-linux-gnu/libnss_files-2.23.so
7f23a867d000-7f23a867e000 rw-p 0000b000 fd:01 391717                     /lib/x86_64-linux-gnu/libnss_files-2.23.so
7f23a867e000-7f23a8684000 rw-p 00000000 00:00 0 
7f23a8684000-7f23a868f000 r-xp 00000000 fd:01 391714                     /lib/x86_64-linux-gnu/libnss_nis-2.23.so
7f23a868f000-7f23a888e000 ---p 0000b000 fd:01 391714                     /lib/x86_64-linux-gnu/libnss_nis-2.23.so
7f23a888e000-7f23a888f000 r--p 0000a000 fd:01 391714                     /lib/x86_64-linux-gnu/libnss_nis-2.23.so
7f23a888f000-7f23a8890000 rw-p 0000b000 fd:01 391714                     /lib/x86_64-linux-gnu/libnss_nis-2.23.so
7f23a8890000-7f23a88a6000 r-xp 00000000 fd:01 391712                     /lib/x86_64-linux-gnu/libnsl-2.23.so
7f23a88a6000-7f23a8aa5000 ---p 00016000 fd:01 391712                     /lib/x86_64-linux-gnu/libnsl-2.23.so
7f23a8aa5000-7f23a8aa6000 r--p 00015000 fd:01 391712                     /lib/x86_64-linux-gnu/libnsl-2.23.so
7f23a8aa6000-7f23a8aa7000 rw-p 00016000 fd:01 391712                     /lib/x86_64-linux-gnu/libnsl-2.23.so
7f23a8aa7000-7f23a8aa9000 rw-p 00000000 00:00 0 
7f23a8aa9000-7f23a8ab1000 r-xp 00000000 fd:01 391709                     /lib/x86_64-linux-gnu/libnss_compat-2.23.so
7f23a8ab1000-7f23a8cb0000 ---p 00008000 fd:01 391709                     /lib/x86_64-linux-gnu/libnss_compat-2.23.so
7f23a8cb0000-7f23a8cb1000 r--p 00007000 fd:01 391709                     /lib/x86_64-linux-gnu/libnss_compat-2.23.so
7f23a8cb1000-7f23a8cb2000 rw-p 00008000 fd:01 391709                     /lib/x86_64-linux-gnu/libnss_compat-2.23.so
7f23a8cb2000-7f23a8cdf000 r-xp 00000000 fd:01 402619                     /usr/lib/jvm/java-8-openjdk-amd64/jre/lib/amd64/libjava.so
7f23a8cdf000-7f23a8ede000 ---p 0002d000 fd:01 402619                     /usr/lib/jvm/java-8-openjdk-amd64/jre/lib/amd64/libjava.so
7f23a8ede000-7f23a8edf000 r--p 0002c000 fd:01 402619                     /usr/lib/jvm/java-8-openjdk-amd64/jre/lib/amd64/libjava.so
7f23a8edf000-7f23a8ee1000 rw-p 0002d000 fd:01 402619                     /usr/lib/jvm/java-8-openjdk-amd64/jre/lib/amd64/libjava.so
7f23a8ee1000-7f23a8ef0000 r-xp 00000000 fd:01 402620                     /usr/lib/jvm/java-8-openjdk-amd64/jre/lib/amd64/libverify.so
7f23a8ef0000-7f23a90ef000 ---p 0000f000 fd:01 402620                     /usr/lib/jvm/java-8-openjdk-amd64/jre/lib/amd64/libverify.so
7f23a90ef000-7f23a90f1000 r--p 0000e000 fd:01 402620                     /usr/lib/jvm/java-8-openjdk-amd64/jre/lib/amd64/libverify.so
7f23a90f1000-7f23a90f2000 rw-p 00010000 fd:01 402620                     /usr/lib/jvm/java-8-openjdk-amd64/jre/lib/amd64/libverify.so
7f23a90f2000-7f23a90f9000 r-xp 00000000 fd:01 391726                     /lib/x86_64-linux-gnu/librt-2.23.so
7f23a90f9000-7f23a92f8000 ---p 00007000 fd:01 391726                     /lib/x86_64-linux-gnu/librt-2.23.so
7f23a92f8000-7f23a92f9000 r--p 00006000 fd:01 391726                     /lib/x86_64-linux-gnu/librt-2.23.so
7f23a92f9000-7f23a92fa000 rw-p 00007000 fd:01 391726                     /lib/x86_64-linux-gnu/librt-2.23.so
7f23a92fa000-7f23a9310000 r-xp 00000000 fd:01 391775                     /lib/x86_64-linux-gnu/libgcc_s.so.1
7f23a9310000-7f23a950f000 ---p 00016000 fd:01 391775                     /lib/x86_64-linux-gnu/libgcc_s.so.1
7f23a950f000-7f23a9510000 rw-p 00015000 fd:01 391775                     /lib/x86_64-linux-gnu/libgcc_s.so.1
7f23a9510000-7f23a9618000 r-xp 00000000 fd:01 391723                     /lib/x86_64-linux-gnu/libm-2.23.so
7f23a9618000-7f23a9817000 ---p 00108000 fd:01 391723                     /lib/x86_64-linux-gnu/libm-2.23.so
7f23a9817000-7f23a9818000 r--p 00107000 fd:01 391723                     /lib/x86_64-linux-gnu/libm-2.23.so
7f23a9818000-7f23a9819000 rw-p 00108000 fd:01 391723                     /lib/x86_64-linux-gnu/libm-2.23.so
7f23a9819000-7f23a998b000 r-xp 00000000 fd:01 132354                     /usr/lib/x86_64-linux-gnu/libstdc++.so.6.0.21
7f23a998b000-7f23a9b8b000 ---p 00172000 fd:01 132354                     /usr/lib/x86_64-linux-gnu/libstdc++.so.6.0.21
7f23a9b8b000-7f23a9b95000 r--p 00172000 fd:01 132354                     /usr/lib/x86_64-linux-gnu/libstdc++.so.6.0.21
7f23a9b95000-7f23a9b97000 rw-p 0017c000 fd:01 132354                     /usr/lib/x86_64-linux-gnu/libstdc++.so.6.0.21
7f23a9b97000-7f23a9b9b000 rw-p 00000000 00:00 0 
7f23a9b9b000-7f23aa7e1000 r-xp 00000000 fd:01 533581                     /usr/lib/jvm/java-8-openjdk-amd64/jre/lib/amd64/server/libjvm.so
7f23aa7e1000-7f23aa9e1000 ---p 00c46000 fd:01 533581                     /usr/lib/jvm/java-8-openjdk-amd64/jre/lib/amd64/server/libjvm.so
7f23aa9e1000-7f23aaa74000 r--p 00c46000 fd:01 533581                     /usr/lib/jvm/java-8-openjdk-amd64/jre/lib/amd64/server/libjvm.so
7f23aaa74000-7f23aaa9c000 rw-p 00cd9000 fd:01 533581                     /usr/lib/jvm/java-8-openjdk-amd64/jre/lib/amd64/server/libjvm.so
7f23aaa9c000-7f23aaacc000 rw-p 00000000 00:00 0 
7f23aaacc000-7f23aaae4000 r-xp 00000000 fd:01 391744                     /lib/x86_64-linux-gnu/libpthread-2.23.so
7f23aaae4000-7f23aace3000 ---p 00018000 fd:01 391744                     /lib/x86_64-linux-gnu/libpthread-2.23.so
7f23aace3000-7f23aace4000 r--p 00017000 fd:01 391744                     /lib/x86_64-linux-gnu/libpthread-2.23.so
7f23aace4000-7f23aace5000 rw-p 00018000 fd:01 391744                     /lib/x86_64-linux-gnu/libpthread-2.23.so
7f23aace5000-7f23aace9000 rw-p 00000000 00:00 0 
7f23aace9000-7f23aacec000 r-xp 00000000 fd:01 391748                     /lib/x86_64-linux-gnu/libdl-2.23.so
7f23aacec000-7f23aaeeb000 ---p 00003000 fd:01 391748                     /lib/x86_64-linux-gnu/libdl-2.23.so
7f23aaeeb000-7f23aaeec000 r--p 00002000 fd:01 391748                     /lib/x86_64-linux-gnu/libdl-2.23.so
7f23aaeec000-7f23aaeed000 rw-p 00003000 fd:01 391748                     /lib/x86_64-linux-gnu/libdl-2.23.so
7f23aaeed000-7f23aaf06000 r-xp 00000000 fd:01 391996                     /lib/x86_64-linux-gnu/libz.so.1.2.8
7f23aaf06000-7f23ab105000 ---p 00019000 fd:01 391996                     /lib/x86_64-linux-gnu/libz.so.1.2.8
7f23ab105000-7f23ab106000 r--p 00018000 fd:01 391996                     /lib/x86_64-linux-gnu/libz.so.1.2.8
7f23ab106000-7f23ab107000 rw-p 00019000 fd:01 391996                     /lib/x86_64-linux-gnu/libz.so.1.2.8
7f23ab107000-7f23ab2c7000 r-xp 00000000 fd:01 391746                     /lib/x86_64-linux-gnu/libc-2.23.so
7f23ab2c7000-7f23ab4c6000 ---p 001c0000 fd:01 391746                     /lib/x86_64-linux-gnu/libc-2.23.so
7f23ab4c6000-7f23ab4ca000 r--p 001bf000 fd:01 391746                     /lib/x86_64-linux-gnu/libc-2.23.so
7f23ab4ca000-7f23ab4cc000 rw-p 001c3000 fd:01 391746                     /lib/x86_64-linux-gnu/libc-2.23.so
7f23ab4cc000-7f23ab4d0000 rw-p 00000000 00:00 0 
7f23ab4d0000-7f23ab4dd000 r-xp 00000000 fd:01 533584                     /usr/lib/jvm/java-8-openjdk-amd64/jre/lib/amd64/jli/libjli.so
7f23ab4dd000-7f23ab6dd000 ---p 0000d000 fd:01 533584                     /usr/lib/jvm/java-8-openjdk-amd64/jre/lib/amd64/jli/libjli.so
7f23ab6dd000-7f23ab6de000 r--p 0000d000 fd:01 533584                     /usr/lib/jvm/java-8-openjdk-amd64/jre/lib/amd64/jli/libjli.so
7f23ab6de000-7f23ab6df000 rw-p 0000e000 fd:01 533584                     /usr/lib/jvm/java-8-openjdk-amd64/jre/lib/amd64/jli/libjli.so
7f23ab6df000-7f23ab705000 r-xp 00000000 fd:01 391727                     /lib/x86_64-linux-gnu/ld-2.23.so
7f23ab705000-7f23ab706000 r--s 00002000 fd:01 270327                     /usr/local/bin/spark-2.0.0-bin-hadoop2.7/jars/jpam-1.1.jar
7f23ab706000-7f23ab707000 r--s 00010000 fd:01 658645                     /usr/lib/jvm/java-8-openjdk-amd64/jre/lib/ext/zipfs.jar
7f23ab707000-7f23ab708000 r--s 00008000 fd:01 658643                     /usr/lib/jvm/java-8-openjdk-amd64/jre/lib/ext/sunec.jar
7f23ab708000-7f23ab7ec000 rw-p 00000000 00:00 0 
7f23ab7ec000-7f23ab7f4000 rw-s 00000000 fd:01 534393                     /tmp/hsperfdata_sparky/25597
7f23ab7f4000-7f23ab7f7000 ---p 00000000 00:00 0 
7f23ab7f7000-7f23ab8fa000 rw-p 00000000 00:00 0 
7f23ab8fa000-7f23ab8fd000 r--s 0000f000 fd:01 658647                     /usr/lib/jvm/java-8-openjdk-amd64/jre/lib/ext/icedtea-sound.jar
7f23ab8fd000-7f23ab8fe000 r--s 0000a000 fd:01 658644                     /usr/lib/jvm/java-8-openjdk-amd64/jre/lib/ext/jaccess.jar
7f23ab8fe000-7f23ab900000 r--s 00001000 fd:01 658641                     /usr/lib/jvm/java-8-openjdk-amd64/jre/lib/ext/dnsns.jar
7f23ab900000-7f23ab901000 rw-p 00000000 00:00 0 
7f23ab901000-7f23ab902000 ---p 00000000 00:00 0 
7f23ab902000-7f23ab904000 rw-p 00000000 00:00 0 
7f23ab904000-7f23ab905000 r--p 00025000 fd:01 391727                     /lib/x86_64-linux-gnu/ld-2.23.so
7f23ab905000-7f23ab906000 rw-p 00026000 fd:01 391727                     /lib/x86_64-linux-gnu/ld-2.23.so
7f23ab906000-7f23ab907000 rw-p 00000000 00:00 0 
7ffdcd01f000-7ffdcd040000 rw-p 00000000 00:00 0                          [stack]
7ffdcd0fe000-7ffdcd100000 r--p 00000000 00:00 0                          [vvar]
7ffdcd100000-7ffdcd102000 r-xp 00000000 00:00 0                          [vdso]
ffffffffff600000-ffffffffff601000 r-xp 00000000 00:00 0                  [vsyscall]

VM Arguments:
jvm_args: -Xmx1g 
java_command: org.apache.spark.deploy.SparkSubmit --master local --class org.apache.spark.run.runkNN_IS --executor-memory 1750m --total-executor-cores 2 target/kNN_IS-2.0.jar /home/sparky/knn/Poker/poker-headers.txt /home/sparky/knn/Poker/poker-10-cross-validation/poker-10-1tra.dat /home/sparky/knn/Poker/poker-10-cross-validation/poker-10-1tst.dat 3 1 1 1 /home/sparky/output/poker [1.75] mllib
java_class_path (initial): /usr/local/bin/spark-2.0.0-bin-hadoop2.7/conf/:/usr/local/bin/spark-2.0.0-bin-hadoop2.7/jars/guice-3.0.jar:/usr/local/bin/spark-2.0.0-bin-hadoop2.7/jars/zookeeper-3.4.6.jar:/usr/local/bin/spark-2.0.0-bin-hadoop2.7/jars/jersey-container-servlet-2.22.2.jar:/usr/local/bin/spark-2.0.0-bin-hadoop2.7/jars/javax.ws.rs-api-2.0.1.jar:/usr/local/bin/spark-2.0.0-bin-hadoop2.7/jars/scala-reflect-2.11.8.jar:/usr/local/bin/spark-2.0.0-bin-hadoop2.7/jars/jpam-1.1.jar:/usr/local/bin/spark-2.0.0-bin-hadoop2.7/jars/hk2-utils-2.4.0-b34.jar:/usr/local/bin/spark-2.0.0-bin-hadoop2.7/jars/api-asn1-api-1.0.0-M20.jar:/usr/local/bin/spark-2.0.0-bin-hadoop2.7/jars/jackson-xc-1.9.13.jar:/usr/local/bin/spark-2.0.0-bin-hadoop2.7/jars/commons-io-2.4.jar:/usr/local/bin/spark-2.0.0-bin-hadoop2.7/jars/commons-math3-3.4.1.jar:/usr/local/bin/spark-2.0.0-bin-hadoop2.7/jars/hadoop-common-2.7.2.jar:/usr/local/bin/spark-2.0.0-bin-hadoop2.7/jars/commons-logging-1.1.3.jar:/usr/local/bin/spark-2.0.0-bin-hadoop2.7/jars/ivy-2.4.0.jar:/usr/local/bin/spark-2.0.0-bin-hadoop2.7/jars/mx4j-3.0.2.jar:/usr/local/bin/spark-2.0.0-bin-hadoop2.7/jars/scalap-2.11.8.jar:/usr/local/bin/spark-2.0.0-bin-hadoop2.7/jars/jersey-common-2.22.2.jar:/usr/local/bin/spark-2.0.0-bin-hadoop2.7/jars/RoaringBitmap-0.5.11.jar:/usr/local/bin/spark-2.0.0-bin-hadoop2.7/jars/hive-jdbc-1.2.1.spark2.jar:/usr/local/bin/spark-2.0.0-bin-hadoop2.7/jars/arpack_combined_all-0.1.jar:/usr/local/bin/spark-2.0.0-bin-hadoop2.7/jars/jetty-util-6.1.26.jar:/usr/local/bin/spark-2.0.0-bin-hadoop2.7/jars/jaxb-api-2.2.2.jar:/usr/local/bin/spark-2.0.0-bin-hadoop2.7/jars/avro-mapred-1.7.7-hadoop2.jar:/usr/local/bin/spark-2.0.0-bin-hadoop2.7/jars/core-1.1.2.jar:/usr/local/bin/spark-2.0.0-bin-hadoop2.7/jars/jtransforms-2.4.0.jar:/usr/local/bin/spark-2.0.0-bin-hadoop2.7/jars/jackson-core-asl-1.9.13.jar:/usr/local/bin/spark-2.0.0-bin-hadoop2.7/jars/parquet-common-1.7.0.jar:/usr/local/bin/spark-2.0.0-bin-hadoop2.7/jars/scala-parser-combinator
Launcher Type: SUN_STANDARD

Environment Variables:
PATH=/home/sparky/bin:/usr/local/bin/spark-2.0.0-bin-hadoop2.7/bin:/usr/local/sbin:/usr/local/bin:/usr/sbin:/usr/bin:/sbin:/bin:/usr/games:/usr/local/games:/snap/bin
SHELL=/bin/bash

Signal Handlers:
SIGSEGV: [libjvm.so+0xa5e970], sa_mask[0]=11111111011111111101111111111110, sa_flags=SA_RESTART|SA_SIGINFO
SIGBUS: [libjvm.so+0xa5e970], sa_mask[0]=11111111011111111101111111111110, sa_flags=SA_RESTART|SA_SIGINFO
SIGFPE: [libjvm.so+0x8a9ff0], sa_mask[0]=11111111011111111101111111111110, sa_flags=SA_RESTART|SA_SIGINFO
SIGPIPE: [libjvm.so+0x8a9ff0], sa_mask[0]=11111111011111111101111111111110, sa_flags=SA_RESTART|SA_SIGINFO
SIGXFSZ: [libjvm.so+0x8a9ff0], sa_mask[0]=11111111011111111101111111111110, sa_flags=SA_RESTART|SA_SIGINFO
SIGILL: [libjvm.so+0x8a9ff0], sa_mask[0]=11111111011111111101111111111110, sa_flags=SA_RESTART|SA_SIGINFO
SIGUSR1: SIG_DFL, sa_mask[0]=00000000000000000000000000000000, sa_flags=none
SIGUSR2: [libjvm.so+0x8a9ea0], sa_mask[0]=00000000000000000000000000000000, sa_flags=SA_RESTART|SA_SIGINFO
SIGHUP: [libjvm.so+0x8aa370], sa_mask[0]=11111111011111111101111111111110, sa_flags=SA_RESTART|SA_SIGINFO
SIGINT: [libjvm.so+0x8aa370], sa_mask[0]=11111111011111111101111111111110, sa_flags=SA_RESTART|SA_SIGINFO
SIGTERM: [libjvm.so+0x8aa370], sa_mask[0]=11111111011111111101111111111110, sa_flags=SA_RESTART|SA_SIGINFO
SIGQUIT: [libjvm.so+0x8aa370], sa_mask[0]=11111111011111111101111111111110, sa_flags=SA_RESTART|SA_SIGINFO


---------------  S Y S T E M  ---------------

OS:DISTRIB_ID=Ubuntu
DISTRIB_RELEASE=16.04
DISTRIB_CODENAME=xenial
DISTRIB_DESCRIPTION="Ubuntu 16.04.1 LTS"

uname:Linux 4.4.0-36-generic #55-Ubuntu SMP Thu Aug 11 18:01:55 UTC 2016 x86_64
libc:glibc 2.23 NPTL 2.23 
rlimit: STACK 8192k, CORE 0k, NPROC 7944, NOFILE 65536, AS infinity
load average:1.21 0.62 0.25

/proc/meminfo:
MemTotal:        2048380 kB
MemFree:           72736 kB
MemAvailable:      11352 kB
Buffers:            1480 kB
Cached:            17892 kB
SwapCached:            0 kB
Active:          1908608 kB
Inactive:           8740 kB
Active(anon):    1901076 kB
Inactive(anon):      180 kB
Active(file):       7532 kB
Inactive(file):     8560 kB
Unevictable:        3660 kB
Mlocked:            3660 kB
SwapTotal:             0 kB
SwapFree:              0 kB
Dirty:               184 kB
Writeback:             0 kB
AnonPages:       1901824 kB
Mapped:            13028 kB
Shmem:               708 kB
Slab:              28296 kB
SReclaimable:      12044 kB
SUnreclaim:        16252 kB
KernelStack:        4336 kB
PageTables:         7612 kB
NFS_Unstable:          0 kB
Bounce:                0 kB
WritebackTmp:          0 kB
CommitLimit:     1024188 kB
Committed_AS:    2342240 kB
VmallocTotal:   34359738367 kB
VmallocUsed:           0 kB
VmallocChunk:          0 kB
HardwareCorrupted:     0 kB
AnonHugePages:   1372160 kB
CmaTotal:              0 kB
CmaFree:               0 kB
HugePages_Total:       0
HugePages_Free:        0
HugePages_Rsvd:        0
HugePages_Surp:        0
Hugepagesize:       2048 kB
DirectMap4k:       47096 kB
DirectMap2M:     2050048 kB
DirectMap1G:           0 kB


CPU:total 2 (1 cores per cpu, 1 threads per core) family 6 model 63 stepping 2, cmov, cx8, fxsr, mmx, sse, sse2, sse3, ssse3, sse4.1, sse4.2, popcnt, avx, avx2, aes, clmul, erms, lzcnt, tsc, bmi1, bmi2

/proc/cpuinfo:
processor	: 0
vendor_id	: GenuineIntel
cpu family	: 6
model		: 63
model name	: Intel(R) Xeon(R) CPU E5-2650L v3 @ 1.80GHz
stepping	: 2
microcode	: 0x1
cpu MHz		: 1797.917
cache size	: 30720 KB
physical id	: 0
siblings	: 1
core id		: 0
cpu cores	: 1
apicid		: 0
initial apicid	: 0
fpu		: yes
fpu_exception	: yes
cpuid level	: 13
wp		: yes
flags		: fpu vme de pse tsc msr pae mce cx8 apic sep mtrr pge mca cmov pat pse36 clflush mmx fxsr sse sse2 ss syscall nx pdpe1gb rdtscp lm constant_tsc arch_perfmon rep_good nopl eagerfpu pni pclmulqdq vmx ssse3 fma cx16 pcid sse4_1 sse4_2 x2apic movbe popcnt tsc_deadline_timer aes xsave avx f16c rdrand hypervisor lahf_lm abm vnmi ept fsgsbase tsc_adjust bmi1 avx2 smep bmi2 erms invpcid xsaveopt arat
bugs		:
bogomips	: 3595.83
clflush size	: 64
cache_alignment	: 64
address sizes	: 40 bits physical, 48 bits virtual
power management:

processor	: 1
vendor_id	: GenuineIntel
cpu family	: 6
model		: 63
model name	: Intel(R) Xeon(R) CPU E5-2650L v3 @ 1.80GHz
stepping	: 2
microcode	: 0x1
cpu MHz		: 1797.917
cache size	: 30720 KB
physical id	: 1
siblings	: 1
core id		: 0
cpu cores	: 1
apicid		: 1
initial apicid	: 1
fpu		: yes
fpu_exception	: yes
cpuid level	: 13
wp		: yes
flags		: fpu vme de pse tsc msr pae mce cx8 apic sep mtrr pge mca cmov pat pse36 clflush mmx fxsr sse sse2 ss syscall nx pdpe1gb rdtscp lm constant_tsc arch_perfmon rep_good nopl eagerfpu pni pclmulqdq vmx ssse3 fma cx16 pcid sse4_1 sse4_2 x2apic movbe popcnt tsc_deadline_timer aes xsave avx f16c rdrand hypervisor lahf_lm abm vnmi ept fsgsbase tsc_adjust bmi1 avx2 smep bmi2 erms invpcid xsaveopt arat
bugs		:
bogomips	: 3595.83
clflush size	: 64
cache_alignment	: 64
address sizes	: 40 bits physical, 48 bits virtual
power management:



Memory: 4k page, physical 2048380k(72736k free), swap 0k(0k free)

vm_info: OpenJDK 64-Bit Server VM (25.91-b14) for linux-amd64 JRE (1.8.0_91-8u91-b14-3ubuntu1~16.04.1-b14), built on Jul 21 2016 04:13:34 by "buildd" with gcc 5.3.1 20160413

time: Mon Sep 19 03:39:08 2016
elapsed time: 5 seconds (0d 0h 0m 5s)

